# JRE version: Java(TM) SE Runtime Environment (7.0_51-b13) (build 1.7.0_51-b13)
# Java VM: Java HotSpot(TM) 64-Bit Server VM (24.51-b03 mixed mode windows-amd64 compressed oops)
Heap
 PSYoungGen      total 304640K, used 265728K [0x00000000eaa80000, 0x0000000100000000, 0x0000000100000000)
  eden space 265728K, 100% used [0x00000000eaa80000,0x00000000fae00000,0x00000000fae00000)
  from space 38912K, 0% used [0x00000000fd800000,0x00000000fd800000,0x00000000ffe00000)
  to   space 41984K, 0% used [0x00000000fae00000,0x00000000fae00000,0x00000000fd700000)
 ParOldGen       total 128512K, used 113563K [0x00000000c0000000, 0x00000000c7d80000, 0x00000000eaa80000)
  object space 128512K, 88% used [0x00000000c0000000,0x00000000c6ee6c50,0x00000000c7d80000)
 PSPermGen       total 128000K, used 107362K [0x00000000b0000000, 0x00000000b7d00000, 0x00000000c0000000)
  object space 128000K, 83% used [0x00000000b0000000,0x00000000b68d8af8,0x00000000b7d00000)
GC Heap History (10 events):
Event: 2534.905 GC heap after
Heap after GC invocations=29 (full 7):
 PSYoungGen      total 309760K, used 22577K [0x00000000eaa80000, 0x0000000100000000, 0x0000000100000000)
  eden space 269824K, 0% used [0x00000000eaa80000,0x00000000eaa80000,0x00000000fb200000)
  from space 39936K, 56% used [0x00000000fd900000,0x00000000fef0c778,0x0000000100000000)
  to   space 39936K, 0% used [0x00000000fb200000,0x00000000fb200000,0x00000000fd900000)
 ParOldGen       total 128512K, used 69602K [0x00000000c0000000, 0x00000000c7d80000, 0x00000000eaa80000)
  object space 128512K, 54% used [0x00000000c0000000,0x00000000c43f8888,0x00000000c7d80000)
 PSPermGen       total 112640K, used 86545K [0x00000000b0000000, 0x00000000b6e00000, 0x00000000c0000000)
  object space 112640K, 76% used [0x00000000b0000000,0x00000000b5484570,0x00000000b6e00000)
}
Event: 2534.905 GC heap before
{Heap before GC invocations=30 (full 8):
 PSYoungGen      total 309760K, used 22577K [0x00000000eaa80000, 0x0000000100000000, 0x0000000100000000)
  eden space 269824K, 0% used [0x00000000eaa80000,0x00000000eaa80000,0x00000000fb200000)
  from space 39936K, 56% used [0x00000000fd900000,0x00000000fef0c778,0x0000000100000000)
  to   space 39936K, 0% used [0x00000000fb200000,0x00000000fb200000,0x00000000fd900000)
 ParOldGen       total 128512K, used 69602K [0x00000000c0000000, 0x00000000c7d80000, 0x00000000eaa80000)
  object space 128512K, 54% used [0x00000000c0000000,0x00000000c43f8888,0x00000000c7d80000)
 PSPermGen       total 112640K, used 86545K [0x00000000b0000000, 0x00000000b6e00000, 0x00000000c0000000)
  object space 112640K, 76% used [0x00000000b0000000,0x00000000b5484570,0x00000000b6e00000)
Event: 2536.429 GC heap after
Heap after GC invocations=30 (full 8):
 PSYoungGen      total 309760K, used 0K [0x00000000eaa80000, 0x0000000100000000, 0x0000000100000000)
  eden space 269824K, 0% used [0x00000000eaa80000,0x00000000eaa80000,0x00000000fb200000)
  from space 39936K, 0% used [0x00000000fd900000,0x00000000fd900000,0x0000000100000000)
  to   space 39936K, 0% used [0x00000000fb200000,0x00000000fb200000,0x00000000fd900000)
 ParOldGen       total 128512K, used 89879K [0x00000000c0000000, 0x00000000c7d80000, 0x00000000eaa80000)
  object space 128512K, 69% used [0x00000000c0000000,0x00000000c57c5e38,0x00000000c7d80000)
 PSPermGen       total 117760K, used 86506K [0x00000000b0000000, 0x00000000b7300000, 0x00000000c0000000)
  object space 117760K, 73% used [0x00000000b0000000,0x00000000b547a998,0x00000000b7300000)
}
Event: 2778.893 GC heap before
{Heap before GC invocations=31 (full 8):
 PSYoungGen      total 309760K, used 269764K [0x00000000eaa80000, 0x0000000100000000, 0x0000000100000000)
  eden space 269824K, 99% used [0x00000000eaa80000,0x00000000fb1f13f0,0x00000000fb200000)
  from space 39936K, 0% used [0x00000000fd900000,0x00000000fd900000,0x0000000100000000)
  to   space 39936K, 0% used [0x00000000fb200000,0x00000000fb200000,0x00000000fd900000)
 ParOldGen       total 128512K, used 89879K [0x00000000c0000000, 0x00000000c7d80000, 0x00000000eaa80000)
  object space 128512K, 69% used [0x00000000c0000000,0x00000000c57c5e38,0x00000000c7d80000)
 PSPermGen       total 117760K, used 93376K [0x00000000b0000000, 0x00000000b7300000, 0x00000000c0000000)
  object space 117760K, 79% used [0x00000000b0000000,0x00000000b5b300a0,0x00000000b7300000)
Event: 2778.927 GC heap after
Heap after GC invocations=31 (full 8):
 PSYoungGen      total 291840K, used 21833K [0x00000000eaa80000, 0x00000000ffe00000, 0x0000000100000000)
  eden space 269824K, 0% used [0x00000000eaa80000,0x00000000eaa80000,0x00000000fb200000)
  from space 22016K, 99% used [0x00000000fb200000,0x00000000fc7526d8,0x00000000fc780000)
  to   space 38912K, 0% used [0x00000000fd800000,0x00000000fd800000,0x00000000ffe00000)
 ParOldGen       total 128512K, used 89879K [0x00000000c0000000, 0x00000000c7d80000, 0x00000000eaa80000)
  object space 128512K, 69% used [0x00000000c0000000,0x00000000c57c5e38,0x00000000c7d80000)
 PSPermGen       total 117760K, used 93376K [0x00000000b0000000, 0x00000000b7300000, 0x00000000c0000000)
  object space 117760K, 79% used [0x00000000b0000000,0x00000000b5b300a0,0x00000000b7300000)
}
Event: 2781.982 GC heap before
{Heap before GC invocations=32 (full 8):
 PSYoungGen      total 291840K, used 155866K [0x00000000eaa80000, 0x00000000ffe00000, 0x0000000100000000)
  eden space 269824K, 49% used [0x00000000eaa80000,0x00000000f2d64458,0x00000000fb200000)
  from space 22016K, 99% used [0x00000000fb200000,0x00000000fc7526d8,0x00000000fc780000)
  to   space 38912K, 0% used [0x00000000fd800000,0x00000000fd800000,0x00000000ffe00000)
 ParOldGen       total 128512K, used 89879K [0x00000000c0000000, 0x00000000c7d80000, 0x00000000eaa80000)
  object space 128512K, 69% used [0x00000000c0000000,0x00000000c57c5e38,0x00000000c7d80000)
 PSPermGen       total 117760K, used 99897K [0x00000000b0000000, 0x00000000b7300000, 0x00000000c0000000)
  object space 117760K, 84% used [0x00000000b0000000,0x00000000b618e468,0x00000000b7300000)
Event: 2782.014 GC heap after
Heap after GC invocations=32 (full 8):
 PSYoungGen      total 304640K, used 31575K [0x00000000eaa80000, 0x0000000100000000, 0x0000000100000000)
  eden space 265728K, 0% used [0x00000000eaa80000,0x00000000eaa80000,0x00000000fae00000)
  from space 38912K, 81% used [0x00000000fd800000,0x00000000ff6d5fb0,0x00000000ffe00000)
  to   space 41984K, 0% used [0x00000000fae00000,0x00000000fae00000,0x00000000fd700000)
 ParOldGen       total 128512K, used 89879K [0x00000000c0000000, 0x00000000c7d80000, 0x00000000eaa80000)
  object space 128512K, 69% used [0x00000000c0000000,0x00000000c57c5e38,0x00000000c7d80000)
 PSPermGen       total 117760K, used 99897K [0x00000000b0000000, 0x00000000b7300000, 0x00000000c0000000)
  object space 117760K, 84% used [0x00000000b0000000,0x00000000b618e468,0x00000000b7300000)
}
Event: 2782.014 GC heap before
{Heap before GC invocations=33 (full 9):
 PSYoungGen      total 304640K, used 31575K [0x00000000eaa80000, 0x0000000100000000, 0x0000000100000000)
  eden space 265728K, 0% used [0x00000000eaa80000,0x00000000eaa80000,0x00000000fae00000)
  from space 38912K, 81% used [0x00000000fd800000,0x00000000ff6d5fb0,0x00000000ffe00000)
  to   space 41984K, 0% used [0x00000000fae00000,0x00000000fae00000,0x00000000fd700000)
 ParOldGen       total 128512K, used 89879K [0x00000000c0000000, 0x00000000c7d80000, 0x00000000eaa80000)
  object space 128512K, 69% used [0x00000000c0000000,0x00000000c57c5e38,0x00000000c7d80000)
 PSPermGen       total 117760K, used 99897K [0x00000000b0000000, 0x00000000b7300000, 0x00000000c0000000)
  object space 117760K, 84% used [0x00000000b0000000,0x00000000b618e468,0x00000000b7300000)
Event: 2783.405 GC heap after
Heap after GC invocations=33 (full 9):
 PSYoungGen      total 304640K, used 0K [0x00000000eaa80000, 0x0000000100000000, 0x0000000100000000)
  eden space 265728K, 0% used [0x00000000eaa80000,0x00000000eaa80000,0x00000000fae00000)
  from space 38912K, 0% used [0x00000000fd800000,0x00000000fd800000,0x00000000ffe00000)
  to   space 41984K, 0% used [0x00000000fae00000,0x00000000fae00000,0x00000000fd700000)
 ParOldGen       total 128512K, used 113563K [0x00000000c0000000, 0x00000000c7d80000, 0x00000000eaa80000)
  object space 128512K, 88% used [0x00000000c0000000,0x00000000c6ee6c50,0x00000000c7d80000)
 PSPermGen       total 128000K, used 99819K [0x00000000b0000000, 0x00000000b7d00000, 0x00000000c0000000)
  object space 128000K, 77% used [0x00000000b0000000,0x00000000b617ae48,0x00000000b7d00000)
}
Event: 8577.779 GC heap before
{Heap before GC invocations=34 (full 10):
 PSYoungGen      total 304640K, used 265728K [0x00000000eaa80000, 0x0000000100000000, 0x0000000100000000)
  eden space 265728K, 100% used [0x00000000eaa80000,0x00000000fae00000,0x00000000fae00000)
  from space 38912K, 0% used [0x00000000fd800000,0x00000000fd800000,0x00000000ffe00000)
  to   space 41984K, 0% used [0x00000000fae00000,0x00000000fae00000,0x00000000fd700000)
 ParOldGen       total 128512K, used 113563K [0x00000000c0000000, 0x00000000c7d80000, 0x00000000eaa80000)
  object space 128512K, 88% used [0x00000000c0000000,0x00000000c6ee6c50,0x00000000c7d80000)
 PSPermGen       total 128000K, used 107362K [0x00000000b0000000, 0x00000000b7d00000, 0x00000000c0000000)
  object space 128000K, 83% used [0x00000000b0000000,0x00000000b68d8af8,0x00000000b7d00000)

